{"/home/roberto/Documents/BACKEND RINCON SABOR/backend_rincon_sabor/controllers/menuController.js": {"path":"/home/roberto/Documents/BACKEND RINCON SABOR/backend_rincon_sabor/controllers/menuController.js","statementMap":{"0":{"start":{"line":9,"column":5},"end":{"line":9,"column":39}},"1":{"start":{"line":11,"column":20},"end":{"line":44,"column":1}},"2":{"start":{"line":12,"column":4},"end":{"line":43,"column":5}},"3":{"start":{"line":13,"column":173},"end":{"line":13,"column":181}},"4":{"start":{"line":14,"column":26},"end":{"line":14,"column":34}},"5":{"start":{"line":16,"column":23},"end":{"line":16,"column":27}},"6":{"start":{"line":17,"column":8},"end":{"line":20,"column":9}},"7":{"start":{"line":18,"column":48},"end":{"line":18,"column":84}},"8":{"start":{"line":19,"column":12},"end":{"line":19,"column":64}},"9":{"start":{"line":23,"column":8},"end":{"line":37,"column":9}},"10":{"start":{"line":24,"column":33},"end":{"line":24,"column":47}},"11":{"start":{"line":25,"column":12},"end":{"line":31,"column":13}},"12":{"start":{"line":26,"column":16},"end":{"line":30,"column":17}},"13":{"start":{"line":27,"column":20},"end":{"line":27,"column":64}},"14":{"start":{"line":29,"column":20},"end":{"line":29,"column":116}},"15":{"start":{"line":32,"column":12},"end":{"line":32,"column":157}},"16":{"start":{"line":33,"column":15},"end":{"line":37,"column":9}},"17":{"start":{"line":34,"column":12},"end":{"line":34,"column":184}},"18":{"start":{"line":36,"column":12},"end":{"line":36,"column":106}},"19":{"start":{"line":39,"column":8},"end":{"line":39,"column":62}},"20":{"start":{"line":41,"column":8},"end":{"line":41,"column":55}},"21":{"start":{"line":42,"column":8},"end":{"line":42,"column":91}},"22":{"start":{"line":46,"column":21},"end":{"line":54,"column":1}},"23":{"start":{"line":47,"column":4},"end":{"line":53,"column":5}},"24":{"start":{"line":48,"column":22},"end":{"line":48,"column":42}},"25":{"start":{"line":49,"column":8},"end":{"line":49,"column":61}},"26":{"start":{"line":51,"column":8},"end":{"line":51,"column":56}},"27":{"start":{"line":52,"column":8},"end":{"line":52,"column":92}},"28":{"start":{"line":56,"column":31},"end":{"line":70,"column":1}},"29":{"start":{"line":57,"column":4},"end":{"line":69,"column":5}},"30":{"start":{"line":58,"column":27},"end":{"line":58,"column":37}},"31":{"start":{"line":60,"column":8},"end":{"line":62,"column":9}},"32":{"start":{"line":61,"column":12},"end":{"line":61,"column":97}},"33":{"start":{"line":64,"column":23},"end":{"line":64,"column":49}},"34":{"start":{"line":65,"column":8},"end":{"line":65,"column":73}},"35":{"start":{"line":67,"column":8},"end":{"line":67,"column":56}},"36":{"start":{"line":68,"column":8},"end":{"line":68,"column":92}},"37":{"start":{"line":73,"column":35},"end":{"line":73,"column":43}},"38":{"start":{"line":74,"column":2},"end":{"line":76,"column":3}},"39":{"start":{"line":75,"column":4},"end":{"line":75,"column":75}},"40":{"start":{"line":77,"column":2},"end":{"line":82,"column":3}},"41":{"start":{"line":78,"column":4},"end":{"line":78,"column":45}},"42":{"start":{"line":79,"column":4},"end":{"line":79,"column":59}},"43":{"start":{"line":81,"column":4},"end":{"line":81,"column":66}},"44":{"start":{"line":85,"column":30},"end":{"line":94,"column":1}},"45":{"start":{"line":86,"column":4},"end":{"line":93,"column":5}},"46":{"start":{"line":87,"column":27},"end":{"line":87,"column":37}},"47":{"start":{"line":88,"column":21},"end":{"line":88,"column":55}},"48":{"start":{"line":89,"column":8},"end":{"line":89,"column":60}},"49":{"start":{"line":91,"column":8},"end":{"line":91,"column":66}},"50":{"start":{"line":92,"column":8},"end":{"line":92,"column":91}},"51":{"start":{"line":96,"column":33},"end":{"line":111,"column":1}},"52":{"start":{"line":97,"column":4},"end":{"line":110,"column":5}},"53":{"start":{"line":98,"column":21},"end":{"line":98,"column":29}},"54":{"start":{"line":100,"column":8},"end":{"line":102,"column":9}},"55":{"start":{"line":101,"column":12},"end":{"line":101,"column":96}},"56":{"start":{"line":104,"column":8},"end":{"line":104,"column":43}},"57":{"start":{"line":106,"column":8},"end":{"line":106,"column":91}},"58":{"start":{"line":108,"column":8},"end":{"line":108,"column":58}},"59":{"start":{"line":109,"column":8},"end":{"line":109,"column":94}},"60":{"start":{"line":114,"column":0},"end":{"line":121,"column":2}}},"fnMap":{"0":{"name":"(anonymous_0)","decl":{"start":{"line":11,"column":20},"end":{"line":11,"column":21}},"loc":{"start":{"line":11,"column":40},"end":{"line":44,"column":1}},"line":11},"1":{"name":"(anonymous_1)","decl":{"start":{"line":46,"column":21},"end":{"line":46,"column":22}},"loc":{"start":{"line":46,"column":41},"end":{"line":54,"column":1}},"line":46},"2":{"name":"(anonymous_2)","decl":{"start":{"line":56,"column":31},"end":{"line":56,"column":32}},"loc":{"start":{"line":56,"column":51},"end":{"line":70,"column":1}},"line":56},"3":{"name":"procesarMenuController","decl":{"start":{"line":72,"column":15},"end":{"line":72,"column":37}},"loc":{"start":{"line":72,"column":48},"end":{"line":83,"column":1}},"line":72},"4":{"name":"(anonymous_4)","decl":{"start":{"line":85,"column":30},"end":{"line":85,"column":31}},"loc":{"start":{"line":85,"column":50},"end":{"line":94,"column":1}},"line":85},"5":{"name":"(anonymous_5)","decl":{"start":{"line":96,"column":33},"end":{"line":96,"column":34}},"loc":{"start":{"line":96,"column":53},"end":{"line":111,"column":1}},"line":96}},"branchMap":{"0":{"loc":{"start":{"line":17,"column":8},"end":{"line":20,"column":9}},"type":"if","locations":[{"start":{"line":17,"column":8},"end":{"line":20,"column":9}},{"start":{},"end":{}}],"line":17},"1":{"loc":{"start":{"line":23,"column":8},"end":{"line":37,"column":9}},"type":"if","locations":[{"start":{"line":23,"column":8},"end":{"line":37,"column":9}},{"start":{"line":33,"column":15},"end":{"line":37,"column":9}}],"line":23},"2":{"loc":{"start":{"line":25,"column":12},"end":{"line":31,"column":13}},"type":"if","locations":[{"start":{"line":25,"column":12},"end":{"line":31,"column":13}},{"start":{},"end":{}}],"line":25},"3":{"loc":{"start":{"line":33,"column":15},"end":{"line":37,"column":9}},"type":"if","locations":[{"start":{"line":33,"column":15},"end":{"line":37,"column":9}},{"start":{"line":35,"column":15},"end":{"line":37,"column":9}}],"line":33},"4":{"loc":{"start":{"line":60,"column":8},"end":{"line":62,"column":9}},"type":"if","locations":[{"start":{"line":60,"column":8},"end":{"line":62,"column":9}},{"start":{},"end":{}}],"line":60},"5":{"loc":{"start":{"line":74,"column":2},"end":{"line":76,"column":3}},"type":"if","locations":[{"start":{"line":74,"column":2},"end":{"line":76,"column":3}},{"start":{},"end":{}}],"line":74},"6":{"loc":{"start":{"line":74,"column":6},"end":{"line":74,"column":30}},"type":"binary-expr","locations":[{"start":{"line":74,"column":6},"end":{"line":74,"column":17}},{"start":{"line":74,"column":21},"end":{"line":74,"column":30}}],"line":74},"7":{"loc":{"start":{"line":100,"column":8},"end":{"line":102,"column":9}},"type":"if","locations":[{"start":{"line":100,"column":8},"end":{"line":102,"column":9}},{"start":{},"end":{}}],"line":100}},"s":{"0":1,"1":1,"2":6,"3":6,"4":6,"5":6,"6":6,"7":0,"8":0,"9":6,"10":4,"11":4,"12":4,"13":4,"14":1,"15":3,"16":2,"17":1,"18":1,"19":3,"20":1,"21":1,"22":1,"23":3,"24":3,"25":2,"26":1,"27":1,"28":1,"29":3,"30":3,"31":3,"32":1,"33":2,"34":1,"35":1,"36":1,"37":3,"38":3,"39":1,"40":2,"41":2,"42":1,"43":1,"44":1,"45":2,"46":2,"47":2,"48":1,"49":1,"50":1,"51":1,"52":3,"53":3,"54":3,"55":1,"56":2,"57":1,"58":1,"59":1,"60":1},"f":{"0":6,"1":3,"2":3,"3":3,"4":2,"5":3},"b":{"0":[0,6],"1":[4,2],"2":[4,0],"3":[1,1],"4":[1,2],"5":[1,2],"6":[3,2],"7":[1,2]},"_coverageSchema":"1a1c01bbd47fc00a2c39e90264f33305004495a9","hash":"ba4fa6453db1237ceaf6376a1e276f51ea9db5ce"}
,"/home/roberto/Documents/BACKEND RINCON SABOR/backend_rincon_sabor/controllers/prediccionesController.js": {"path":"/home/roberto/Documents/BACKEND RINCON SABOR/backend_rincon_sabor/controllers/prediccionesController.js","statementMap":{"0":{"start":{"line":1,"column":26},"end":{"line":1,"column":68}},"1":{"start":{"line":3,"column":27},"end":{"line":11,"column":1}},"2":{"start":{"line":4,"column":2},"end":{"line":10,"column":3}},"3":{"start":{"line":5,"column":17},"end":{"line":5,"column":65}},"4":{"start":{"line":6,"column":4},"end":{"line":6,"column":19}},"5":{"start":{"line":8,"column":4},"end":{"line":8,"column":56}},"6":{"start":{"line":9,"column":4},"end":{"line":9,"column":76}},"7":{"start":{"line":13,"column":0},"end":{"line":13,"column":40}}},"fnMap":{"0":{"name":"(anonymous_0)","decl":{"start":{"line":3,"column":27},"end":{"line":3,"column":28}},"loc":{"start":{"line":3,"column":47},"end":{"line":11,"column":1}},"line":3}},"branchMap":{},"s":{"0":0,"1":0,"2":0,"3":0,"4":0,"5":0,"6":0,"7":0},"f":{"0":0},"b":{}}
,"/home/roberto/Documents/BACKEND RINCON SABOR/backend_rincon_sabor/middlewares/authMiddleware.js": {"path":"/home/roberto/Documents/BACKEND RINCON SABOR/backend_rincon_sabor/middlewares/authMiddleware.js","statementMap":{"0":{"start":{"line":2,"column":14},"end":{"line":2,"column":49}},"1":{"start":{"line":4,"column":20},"end":{"line":20,"column":1}},"2":{"start":{"line":6,"column":21},"end":{"line":6,"column":52}},"3":{"start":{"line":7,"column":16},"end":{"line":7,"column":46}},"4":{"start":{"line":9,"column":2},"end":{"line":11,"column":3}},"5":{"start":{"line":10,"column":4},"end":{"line":10,"column":87}},"6":{"start":{"line":13,"column":2},"end":{"line":19,"column":3}},"7":{"start":{"line":14,"column":25},"end":{"line":14,"column":64}},"8":{"start":{"line":15,"column":4},"end":{"line":15,"column":28}},"9":{"start":{"line":16,"column":4},"end":{"line":16,"column":11}},"10":{"start":{"line":18,"column":4},"end":{"line":18,"column":90}},"11":{"start":{"line":22,"column":0},"end":{"line":22,"column":33}}},"fnMap":{"0":{"name":"(anonymous_0)","decl":{"start":{"line":4,"column":20},"end":{"line":4,"column":21}},"loc":{"start":{"line":4,"column":46},"end":{"line":20,"column":1}},"line":4}},"branchMap":{"0":{"loc":{"start":{"line":6,"column":21},"end":{"line":6,"column":52}},"type":"binary-expr","locations":[{"start":{"line":6,"column":21},"end":{"line":6,"column":46}},{"start":{"line":6,"column":50},"end":{"line":6,"column":52}}],"line":6},"1":{"loc":{"start":{"line":9,"column":2},"end":{"line":11,"column":3}},"type":"if","locations":[{"start":{"line":9,"column":2},"end":{"line":11,"column":3}},{"start":{},"end":{}}],"line":9}},"s":{"0":0,"1":0,"2":0,"3":0,"4":0,"5":0,"6":0,"7":0,"8":0,"9":0,"10":0,"11":0},"f":{"0":0},"b":{"0":[0,0],"1":[0,0]}}
,"/home/roberto/Documents/BACKEND RINCON SABOR/backend_rincon_sabor/services/menuService.js": {"path":"/home/roberto/Documents/BACKEND RINCON SABOR/backend_rincon_sabor/services/menuService.js","statementMap":{"0":{"start":{"line":1,"column":29},"end":{"line":1,"column":60}},"1":{"start":{"line":2,"column":37},"end":{"line":2,"column":69}},"2":{"start":{"line":4,"column":33},"end":{"line":4,"column":59}},"3":{"start":{"line":5,"column":25},"end":{"line":5,"column":44}},"4":{"start":{"line":6,"column":24},"end":{"line":6,"column":42}},"5":{"start":{"line":7,"column":27},"end":{"line":7,"column":48}},"6":{"start":{"line":8,"column":25},"end":{"line":8,"column":44}},"7":{"start":{"line":9,"column":25},"end":{"line":9,"column":44}},"8":{"start":{"line":10,"column":35},"end":{"line":10,"column":59}},"9":{"start":{"line":11,"column":36},"end":{"line":11,"column":65}},"10":{"start":{"line":14,"column":30},"end":{"line":39,"column":1}},"11":{"start":{"line":15,"column":17},"end":{"line":15,"column":34}},"12":{"start":{"line":18,"column":19},"end":{"line":23,"column":36}},"13":{"start":{"line":25,"column":25},"end":{"line":25,"column":63}},"14":{"start":{"line":28,"column":17},"end":{"line":36,"column":34}},"15":{"start":{"line":37,"column":4},"end":{"line":37,"column":31}},"16":{"start":{"line":38,"column":4},"end":{"line":38,"column":68}},"17":{"start":{"line":41,"column":30},"end":{"line":77,"column":1}},"18":{"start":{"line":42,"column":17},"end":{"line":42,"column":34}},"19":{"start":{"line":45,"column":17},"end":{"line":53,"column":34}},"20":{"start":{"line":55,"column":23},"end":{"line":55,"column":57}},"21":{"start":{"line":58,"column":19},"end":{"line":60,"column":33}},"22":{"start":{"line":62,"column":25},"end":{"line":62,"column":63}},"23":{"start":{"line":65,"column":4},"end":{"line":73,"column":5}},"24":{"start":{"line":66,"column":8},"end":{"line":66,"column":52}},"25":{"start":{"line":67,"column":8},"end":{"line":71,"column":48}},"26":{"start":{"line":72,"column":8},"end":{"line":72,"column":61}},"27":{"start":{"line":75,"column":4},"end":{"line":75,"column":31}},"28":{"start":{"line":76,"column":4},"end":{"line":76,"column":78}},"29":{"start":{"line":79,"column":21},"end":{"line":114,"column":1}},"30":{"start":{"line":80,"column":17},"end":{"line":80,"column":34}},"31":{"start":{"line":82,"column":19},"end":{"line":83,"column":42}},"32":{"start":{"line":85,"column":18},"end":{"line":111,"column":6}},"33":{"start":{"line":86,"column":8},"end":{"line":110,"column":10}},"34":{"start":{"line":113,"column":4},"end":{"line":113,"column":17}},"35":{"start":{"line":116,"column":21},"end":{"line":124,"column":1}},"36":{"start":{"line":117,"column":17},"end":{"line":117,"column":34}},"37":{"start":{"line":119,"column":4},"end":{"line":121,"column":35}},"38":{"start":{"line":122,"column":4},"end":{"line":122,"column":31}},"39":{"start":{"line":123,"column":4},"end":{"line":123,"column":69}},"40":{"start":{"line":127,"column":17},"end":{"line":127,"column":34}},"41":{"start":{"line":128,"column":15},"end":{"line":128,"column":40}},"42":{"start":{"line":129,"column":4},"end":{"line":139,"column":5}},"43":{"start":{"line":130,"column":8},"end":{"line":130,"column":25}},"44":{"start":{"line":131,"column":20},"end":{"line":131,"column":39}},"45":{"start":{"line":132,"column":8},"end":{"line":132,"column":59}},"46":{"start":{"line":133,"column":8},"end":{"line":133,"column":60}},"47":{"start":{"line":134,"column":8},"end":{"line":134,"column":44}},"48":{"start":{"line":135,"column":8},"end":{"line":135,"column":26}},"49":{"start":{"line":137,"column":8},"end":{"line":137,"column":28}},"50":{"start":{"line":138,"column":8},"end":{"line":138,"column":18}},"51":{"start":{"line":143,"column":29},"end":{"line":160,"column":1}},"52":{"start":{"line":144,"column":17},"end":{"line":144,"column":34}},"53":{"start":{"line":147,"column":26},"end":{"line":149,"column":44}},"54":{"start":{"line":151,"column":21},"end":{"line":151,"column":51}},"55":{"start":{"line":154,"column":27},"end":{"line":154,"column":60}},"56":{"start":{"line":156,"column":4},"end":{"line":159,"column":6}},"57":{"start":{"line":163,"column":31},"end":{"line":190,"column":1}},"58":{"start":{"line":164,"column":17},"end":{"line":164,"column":34}},"59":{"start":{"line":166,"column":16},"end":{"line":166,"column":50}},"60":{"start":{"line":167,"column":4},"end":{"line":167,"column":51}},"61":{"start":{"line":168,"column":4},"end":{"line":168,"column":52}},"62":{"start":{"line":170,"column":4},"end":{"line":174,"column":5}},"63":{"start":{"line":171,"column":8},"end":{"line":173,"column":9}},"64":{"start":{"line":172,"column":12},"end":{"line":172,"column":53}},"65":{"start":{"line":176,"column":4},"end":{"line":187,"column":46}},"66":{"start":{"line":189,"column":4},"end":{"line":189,"column":31}},"67":{"start":{"line":192,"column":0},"end":{"line":200,"column":28}}},"fnMap":{"0":{"name":"(anonymous_0)","decl":{"start":{"line":14,"column":30},"end":{"line":14,"column":31}},"loc":{"start":{"line":14,"column":175},"end":{"line":39,"column":1}},"line":14},"1":{"name":"(anonymous_1)","decl":{"start":{"line":41,"column":30},"end":{"line":41,"column":31}},"loc":{"start":{"line":41,"column":132},"end":{"line":77,"column":1}},"line":41},"2":{"name":"(anonymous_2)","decl":{"start":{"line":79,"column":21},"end":{"line":79,"column":22}},"loc":{"start":{"line":79,"column":33},"end":{"line":114,"column":1}},"line":79},"3":{"name":"(anonymous_3)","decl":{"start":{"line":85,"column":39},"end":{"line":85,"column":40}},"loc":{"start":{"line":85,"column":46},"end":{"line":111,"column":5}},"line":85},"4":{"name":"(anonymous_4)","decl":{"start":{"line":116,"column":21},"end":{"line":116,"column":22}},"loc":{"start":{"line":116,"column":43},"end":{"line":124,"column":1}},"line":116},"5":{"name":"procesarMenu","decl":{"start":{"line":126,"column":15},"end":{"line":126,"column":27}},"loc":{"start":{"line":126,"column":50},"end":{"line":140,"column":1}},"line":126},"6":{"name":"(anonymous_6)","decl":{"start":{"line":143,"column":29},"end":{"line":143,"column":30}},"loc":{"start":{"line":143,"column":51},"end":{"line":160,"column":1}},"line":143},"7":{"name":"(anonymous_7)","decl":{"start":{"line":163,"column":31},"end":{"line":163,"column":32}},"loc":{"start":{"line":163,"column":47},"end":{"line":190,"column":1}},"line":163}},"branchMap":{"0":{"loc":{"start":{"line":102,"column":20},"end":{"line":109,"column":20}},"type":"cond-expr","locations":[{"start":{"line":102,"column":50},"end":{"line":109,"column":13}},{"start":{"line":109,"column":16},"end":{"line":109,"column":20}}],"line":102},"1":{"loc":{"start":{"line":154,"column":27},"end":{"line":154,"column":60}},"type":"binary-expr","locations":[{"start":{"line":154,"column":27},"end":{"line":154,"column":54}},{"start":{"line":154,"column":58},"end":{"line":154,"column":60}}],"line":154},"2":{"loc":{"start":{"line":170,"column":4},"end":{"line":174,"column":5}},"type":"if","locations":[{"start":{"line":170,"column":4},"end":{"line":174,"column":5}},{"start":{},"end":{}}],"line":170},"3":{"loc":{"start":{"line":170,"column":8},"end":{"line":170,"column":74}},"type":"binary-expr","locations":[{"start":{"line":170,"column":8},"end":{"line":170,"column":36}},{"start":{"line":170,"column":40},"end":{"line":170,"column":74}}],"line":170},"4":{"loc":{"start":{"line":182,"column":54},"end":{"line":182,"column":79}},"type":"binary-expr","locations":[{"start":{"line":182,"column":54},"end":{"line":182,"column":71}},{"start":{"line":182,"column":75},"end":{"line":182,"column":79}}],"line":182},"5":{"loc":{"start":{"line":185,"column":50},"end":{"line":185,"column":79}},"type":"binary-expr","locations":[{"start":{"line":185,"column":50},"end":{"line":185,"column":71}},{"start":{"line":185,"column":75},"end":{"line":185,"column":79}}],"line":185}},"s":{"0":1,"1":1,"2":1,"3":1,"4":1,"5":1,"6":1,"7":1,"8":1,"9":1,"10":1,"11":0,"12":0,"13":0,"14":0,"15":0,"16":0,"17":1,"18":0,"19":0,"20":0,"21":0,"22":0,"23":0,"24":0,"25":0,"26":0,"27":0,"28":0,"29":1,"30":0,"31":0,"32":0,"33":0,"34":0,"35":1,"36":0,"37":0,"38":0,"39":0,"40":0,"41":0,"42":0,"43":0,"44":0,"45":0,"46":0,"47":0,"48":0,"49":0,"50":0,"51":1,"52":0,"53":0,"54":0,"55":0,"56":0,"57":1,"58":0,"59":0,"60":0,"61":0,"62":0,"63":0,"64":0,"65":0,"66":0,"67":1},"f":{"0":0,"1":0,"2":0,"3":0,"4":0,"5":0,"6":0,"7":0},"b":{"0":[0,0],"1":[0,0],"2":[0,0],"3":[0,0],"4":[0,0],"5":[0,0]},"_coverageSchema":"1a1c01bbd47fc00a2c39e90264f33305004495a9","hash":"3f8b25192c1c3e082e30c37198ad4f9728712a52"}
,"/home/roberto/Documents/BACKEND RINCON SABOR/backend_rincon_sabor/services/prediccionesService.js": {"path":"/home/roberto/Documents/BACKEND RINCON SABOR/backend_rincon_sabor/services/prediccionesService.js","statementMap":{"0":{"start":{"line":1,"column":24},"end":{"line":1,"column":55}},"1":{"start":{"line":3,"column":36},"end":{"line":3,"column":64}},"2":{"start":{"line":5,"column":31},"end":{"line":17,"column":1}},"3":{"start":{"line":6,"column":17},"end":{"line":6,"column":34}},"4":{"start":{"line":8,"column":19},"end":{"line":9,"column":45}},"5":{"start":{"line":11,"column":4},"end":{"line":16,"column":8}},"6":{"start":{"line":11,"column":40},"end":{"line":16,"column":5}},"7":{"start":{"line":19,"column":0},"end":{"line":21,"column":2}}},"fnMap":{"0":{"name":"(anonymous_0)","decl":{"start":{"line":5,"column":31},"end":{"line":5,"column":32}},"loc":{"start":{"line":5,"column":43},"end":{"line":17,"column":1}},"line":5},"1":{"name":"(anonymous_1)","decl":{"start":{"line":11,"column":32},"end":{"line":11,"column":33}},"loc":{"start":{"line":11,"column":40},"end":{"line":16,"column":5}},"line":11}},"branchMap":{},"s":{"0":1,"1":1,"2":1,"3":1,"4":1,"5":1,"6":0,"7":1},"f":{"0":1,"1":0},"b":{},"_coverageSchema":"1a1c01bbd47fc00a2c39e90264f33305004495a9","hash":"3b7d0c83347e252979403d8e0737ba297679c2c7"}
,"/home/roberto/Documents/BACKEND RINCON SABOR/backend_rincon_sabor/utils/cloudinaryHelper.js": {"path":"/home/roberto/Documents/BACKEND RINCON SABOR/backend_rincon_sabor/utils/cloudinaryHelper.js","statementMap":{"0":{"start":{"line":1,"column":19},"end":{"line":1,"column":50}},"1":{"start":{"line":3,"column":32},"end":{"line":14,"column":1}},"2":{"start":{"line":4,"column":2},"end":{"line":4,"column":73}},"3":{"start":{"line":5,"column":2},"end":{"line":13,"column":3}},"4":{"start":{"line":6,"column":19},"end":{"line":6,"column":49}},"5":{"start":{"line":7,"column":20},"end":{"line":7,"column":60}},"6":{"start":{"line":8,"column":19},"end":{"line":8,"column":60}},"7":{"start":{"line":9,"column":4},"end":{"line":9,"column":29}},"8":{"start":{"line":11,"column":4},"end":{"line":11,"column":47}},"9":{"start":{"line":12,"column":4},"end":{"line":12,"column":14}},"10":{"start":{"line":16,"column":0},"end":{"line":16,"column":45}}},"fnMap":{"0":{"name":"(anonymous_0)","decl":{"start":{"line":3,"column":32},"end":{"line":3,"column":33}},"loc":{"start":{"line":3,"column":48},"end":{"line":14,"column":1}},"line":3}},"branchMap":{},"s":{"0":0,"1":0,"2":0,"3":0,"4":0,"5":0,"6":0,"7":0,"8":0,"9":0,"10":0},"f":{"0":0},"b":{}}
}
