TN:
SF:controllers/menuController.js
FN:11,(anonymous_0)
FN:46,(anonymous_1)
FN:56,(anonymous_2)
FN:72,procesarMenuController
FN:85,(anonymous_4)
FN:96,(anonymous_5)
FNF:6
FNH:6
FNDA:6,(anonymous_0)
FNDA:3,(anonymous_1)
FNDA:3,(anonymous_2)
FNDA:3,procesarMenuController
FNDA:2,(anonymous_4)
FNDA:3,(anonymous_5)
DA:9,1
DA:11,1
DA:12,6
DA:13,6
DA:14,6
DA:16,6
DA:17,6
DA:18,0
DA:19,0
DA:23,6
DA:24,4
DA:25,4
DA:26,4
DA:27,4
DA:29,1
DA:32,3
DA:33,2
DA:34,1
DA:36,1
DA:39,3
DA:41,1
DA:42,1
DA:46,1
DA:47,3
DA:48,3
DA:49,2
DA:51,1
DA:52,1
DA:56,1
DA:57,3
DA:58,3
DA:60,3
DA:61,1
DA:64,2
DA:65,1
DA:67,1
DA:68,1
DA:73,3
DA:74,3
DA:75,1
DA:77,2
DA:78,2
DA:79,1
DA:81,1
DA:85,1
DA:86,2
DA:87,2
DA:88,2
DA:89,1
DA:91,1
DA:92,1
DA:96,1
DA:97,3
DA:98,3
DA:100,3
DA:101,1
DA:104,2
DA:106,1
DA:108,1
DA:109,1
DA:114,1
LF:61
LH:59
BRDA:17,0,0,0
BRDA:17,0,1,6
BRDA:23,1,0,4
BRDA:23,1,1,2
BRDA:25,2,0,4
BRDA:25,2,1,0
BRDA:33,3,0,1
BRDA:33,3,1,1
BRDA:60,4,0,1
BRDA:60,4,1,2
BRDA:74,5,0,1
BRDA:74,5,1,2
BRDA:74,6,0,3
BRDA:74,6,1,2
BRDA:100,7,0,1
BRDA:100,7,1,2
BRF:16
BRH:14
end_of_record
TN:
SF:controllers/prediccionesController.js
FN:3,(anonymous_0)
FNF:1
FNH:0
FNDA:0,(anonymous_0)
DA:1,0
DA:3,0
DA:4,0
DA:5,0
DA:6,0
DA:8,0
DA:9,0
DA:13,0
LF:8
LH:0
BRF:0
BRH:0
end_of_record
TN:
SF:middlewares/authMiddleware.js
FN:4,(anonymous_0)
FNF:1
FNH:0
FNDA:0,(anonymous_0)
DA:2,0
DA:4,0
DA:6,0
DA:7,0
DA:9,0
DA:10,0
DA:13,0
DA:14,0
DA:15,0
DA:16,0
DA:18,0
DA:22,0
LF:12
LH:0
BRDA:6,0,0,0
BRDA:6,0,1,0
BRDA:9,1,0,0
BRDA:9,1,1,0
BRF:4
BRH:0
end_of_record
TN:
SF:services/menuService.js
FN:14,(anonymous_0)
FN:41,(anonymous_1)
FN:79,(anonymous_2)
FN:85,(anonymous_3)
FN:116,(anonymous_4)
FN:126,procesarMenu
FN:143,(anonymous_6)
FN:163,(anonymous_7)
FNF:8
FNH:0
FNDA:0,(anonymous_0)
FNDA:0,(anonymous_1)
FNDA:0,(anonymous_2)
FNDA:0,(anonymous_3)
FNDA:0,(anonymous_4)
FNDA:0,procesarMenu
FNDA:0,(anonymous_6)
FNDA:0,(anonymous_7)
DA:1,1
DA:2,1
DA:4,1
DA:5,1
DA:6,1
DA:7,1
DA:8,1
DA:9,1
DA:10,1
DA:11,1
DA:14,1
DA:15,0
DA:18,0
DA:25,0
DA:28,0
DA:37,0
DA:38,0
DA:41,1
DA:42,0
DA:45,0
DA:55,0
DA:58,0
DA:62,0
DA:65,0
DA:66,0
DA:67,0
DA:72,0
DA:75,0
DA:76,0
DA:79,1
DA:80,0
DA:82,0
DA:85,0
DA:86,0
DA:113,0
DA:116,1
DA:117,0
DA:119,0
DA:122,0
DA:123,0
DA:127,0
DA:128,0
DA:129,0
DA:130,0
DA:131,0
DA:132,0
DA:133,0
DA:134,0
DA:135,0
DA:137,0
DA:138,0
DA:143,1
DA:144,0
DA:147,0
DA:151,0
DA:154,0
DA:156,0
DA:163,1
DA:164,0
DA:166,0
DA:167,0
DA:168,0
DA:170,0
DA:171,0
DA:172,0
DA:176,0
DA:189,0
DA:192,1
LF:68
LH:17
BRDA:102,0,0,0
BRDA:102,0,1,0
BRDA:154,1,0,0
BRDA:154,1,1,0
BRDA:170,2,0,0
BRDA:170,2,1,0
BRDA:170,3,0,0
BRDA:170,3,1,0
BRDA:182,4,0,0
BRDA:182,4,1,0
BRDA:185,5,0,0
BRDA:185,5,1,0
BRF:12
BRH:0
end_of_record
TN:
SF:services/prediccionesService.js
FN:5,(anonymous_0)
FN:11,(anonymous_1)
FNF:2
FNH:1
FNDA:1,(anonymous_0)
FNDA:0,(anonymous_1)
DA:1,1
DA:3,1
DA:5,1
DA:6,1
DA:8,1
DA:11,1
DA:19,1
LF:7
LH:7
BRF:0
BRH:0
end_of_record
TN:
SF:utils/cloudinaryHelper.js
FN:3,(anonymous_0)
FNF:1
FNH:0
FNDA:0,(anonymous_0)
DA:1,0
DA:3,0
DA:4,0
DA:5,0
DA:6,0
DA:7,0
DA:8,0
DA:9,0
DA:11,0
DA:12,0
DA:16,0
LF:11
LH:0
BRF:0
BRH:0
end_of_record
